<?xml version="1.0" encoding="UTF-8"?>
<!-- Generated by org.testng.reporters.JUnitReportReporter -->
<testsuite hostname="Naveen" failures="0" tests="1" name="com.api.tests.GETAPIcallTest" time="1.443" errors="0" timestamp="18 Sep 2023 15:24:10 GMT" skipped="0">
  <testcase classname="com.api.tests.GETAPIcallTest" name="getAPIcallTest" time="1.443"/>
</testsuite> <!-- com.api.tests.GETAPIcallTest -->
