<?xml version="1.0" encoding="UTF-8"?>
<!-- Generated by org.testng.reporters.JUnitReportReporter -->
<testsuite hostname="Naveen" failures="0" tests="1" name="com.api.tests.Put_Post_Delete_APITest" time="1.706" errors="0" timestamp="18 Sep 2023 14:35:50 GMT" skipped="0">
  <testcase classname="com.api.tests.Put_Post_Delete_APITest" name="postAPItest" time="1.706"/>
</testsuite> <!-- com.api.tests.Put_Post_Delete_APITest -->
