<?xml version="1.0" encoding="UTF-8"?>
<!-- Generated by org.testng.reporters.JUnitReportReporter -->
<testsuite hostname="Naveen" failures="0" tests="1" name="com.api.tests.PUTAPIcallTest" time="1.535" errors="0" timestamp="18 Sep 2023 14:47:19 GMT" skipped="0">
  <testcase classname="com.api.tests.PUTAPIcallTest" name="putAPItest" time="1.535"/>
</testsuite> <!-- com.api.tests.PUTAPIcallTest -->
