<?xml version="1.0" encoding="UTF-8"?>
<!-- Generated by org.testng.reporters.JUnitReportReporter -->
<testsuite hostname="Naveen" failures="0" tests="1" name="com.api.tests.POSTAPIcallTest" time="1.589" errors="0" timestamp="18 Sep 2023 14:47:01 GMT" skipped="0">
  <testcase classname="com.api.tests.POSTAPIcallTest" name="postAPItest" time="1.589"/>
</testsuite> <!-- com.api.tests.POSTAPIcallTest -->
