<?xml version="1.0" encoding="UTF-8"?>
<!-- Generated by org.testng.reporters.JUnitReportReporter -->
<testsuite hostname="Naveen" failures="0" tests="1" name="com.api.tests.GETAPIcallTest" time="0.189" errors="0" timestamp="18 Sep 2023 16:34:36 GMT" skipped="0">
  <testcase classname="com.api.tests.GETAPIcallTest" name="getAPIcallTest" time="0.189"/>
</testsuite> <!-- com.api.tests.GETAPIcallTest -->
