<?xml version="1.0" encoding="UTF-8"?>
<!-- Generated by org.testng.reporters.JUnitReportReporter -->
<testsuite hostname="Naveen" failures="0" tests="4" name="com.api.tests.TestAPIclass" time="2.107" errors="0" timestamp="18 Sep 2023 13:44:24 GMT" skipped="0">
  <testcase classname="com.api.tests.TestAPIclass" name="getUsersInPageOne" time="0.238"/>
  <testcase classname="com.api.tests.TestAPIclass" name="getUsersInPageTwo" time="0.193"/>
  <testcase classname="com.api.tests.TestAPIclass" name="getListResources" time="1.417"/>
  <testcase classname="com.api.tests.TestAPIclass" name="getSingleUser" time="0.259"/>
</testsuite> <!-- com.api.tests.TestAPIclass -->
