<?xml version="1.0" encoding="UTF-8"?>
<!-- Generated by org.testng.reporters.JUnitReportReporter -->
<testsuite hostname="Naveen" failures="0" tests="4" name="com.api.tests.TestAPIclass" time="0.729" errors="0" timestamp="18 Sep 2023 16:34:36 GMT" skipped="0">
  <testcase classname="com.api.tests.TestAPIclass" name="getSingleUser" time="0.178"/>
  <testcase classname="com.api.tests.TestAPIclass" name="getUsersInPageTwo" time="0.185"/>
  <testcase classname="com.api.tests.TestAPIclass" name="getUsersInPageOne" time="0.203"/>
  <testcase classname="com.api.tests.TestAPIclass" name="getListResources" time="0.163"/>
</testsuite> <!-- com.api.tests.TestAPIclass -->
