<?xml version="1.0" encoding="UTF-8"?>
<!-- Generated by org.testng.reporters.JUnitReportReporter -->
<testsuite hostname="Naveen" failures="0" tests="1" name="com.api.tests.DeleteAPIcallTest" time="1.644" errors="0" timestamp="18 Sep 2023 16:34:36 GMT" skipped="0">
  <testcase classname="com.api.tests.DeleteAPIcallTest" name="DeleteAPIcall" time="1.644"/>
</testsuite> <!-- com.api.tests.DeleteAPIcallTest -->
